# JRE version: OpenJDK Runtime Environment Temurin-21.0.6+7 (21.0.6+7) (build 21.0.6+7-LTS)
# Java VM: OpenJDK 64-Bit Server VM Temurin-21.0.6+7 (21.0.6+7-LTS, mixed mode, sharing, tiered, compressed oops, compressed class ptrs, parallel gc, windows-amd64)
GC Precious Log:
 CardTable entry size: 512
 CPUs: 8 total, 8 available
 Memory: 8108M
 Large Page Support: Disabled
 NUMA Support: Disabled
 Compressed Oops: Enabled (32-bit)
 Alignments: Space 512K, Generation 512K, Heap 2M
 Heap Min Capacity: 100M
 Heap Initial Capacity: 100M
 Heap Max Capacity: 1G
 Pre-touch: Disabled
 Parallel Workers: 8
Heap:
 PSYoungGen      total 3584K, used 3578K [0x00000000eab00000, 0x00000000eb000000, 0x0000000100000000)
  eden space 3072K, 100% used [0x00000000eab00000,0x00000000eae00000,0x00000000eae00000)
  from space 512K, 98% used [0x00000000eaf80000,0x00000000eaffe800,0x00000000eb000000)
  to   space 1024K, 58% used [0x00000000eae00000,0x00000000eae958f8,0x00000000eaf00000)
 ParOldGen       total 629760K, used 629758K [0x00000000c0000000, 0x00000000e6700000, 0x00000000eab00000)
  object space 629760K, 99% used [0x00000000c0000000,0x00000000e66ff818,0x00000000e6700000)
 Metaspace       used 55508K, committed 56832K, reserved 1114112K
  class space    used 5762K, committed 6336K, reserved 1048576K
GC Heap History (20 events):
Event: 98.325 GC heap before
{Heap before GC invocations=977 (full 2):
 PSYoungGen      total 4096K, used 4054K [0x00000000eab00000, 0x00000000eb180000, 0x0000000100000000)
  eden space 3072K, 100% used [0x00000000eab00000,0x00000000eae00000,0x00000000eae00000)
  from space 1024K, 95% used [0x00000000eaf80000,0x00000000eb075ab8,0x00000000eb080000)
  to   space 1536K, 0% used [0x00000000eae00000,0x00000000eae00000,0x00000000eaf80000)
 ParOldGen       total 627712K, used 627589K [0x00000000c0000000, 0x00000000e6500000, 0x00000000eab00000)
  object space 627712K, 99% used [0x00000000c0000000,0x00000000e64e1618,0x00000000e6500000)
 Metaspace       used 54194K, committed 55488K, reserved 1114112K
  class space    used 5656K, committed 6208K, reserved 1048576K
}
Event: 98.333 GC heap after
{Heap after GC invocations=977 (full 2):
 PSYoungGen      total 4096K, used 904K [0x00000000eab00000, 0x00000000eb000000, 0x0000000100000000)
  eden space 3072K, 0% used [0x00000000eab00000,0x00000000eab00000,0x00000000eae00000)
  from space 1024K, 88% used [0x00000000eae00000,0x00000000eaee2100,0x00000000eaf00000)
  to   space 1024K, 0% used [0x00000000eaf00000,0x00000000eaf00000,0x00000000eb000000)
 ParOldGen       total 628224K, used 627733K [0x00000000c0000000, 0x00000000e6580000, 0x00000000eab00000)
  object space 628224K, 99% used [0x00000000c0000000,0x00000000e6505618,0x00000000e6580000)
 Metaspace       used 54194K, committed 55488K, reserved 1114112K
  class space    used 5656K, committed 6208K, reserved 1048576K
}
Event: 98.371 GC heap before
{Heap before GC invocations=978 (full 2):
 PSYoungGen      total 4096K, used 3976K [0x00000000eab00000, 0x00000000eb000000, 0x0000000100000000)
  eden space 3072K, 100% used [0x00000000eab00000,0x00000000eae00000,0x00000000eae00000)
  from space 1024K, 88% used [0x00000000eae00000,0x00000000eaee2100,0x00000000eaf00000)
  to   space 1024K, 0% used [0x00000000eaf00000,0x00000000eaf00000,0x00000000eb000000)
 ParOldGen       total 628224K, used 627733K [0x00000000c0000000, 0x00000000e6580000, 0x00000000eab00000)
  object space 628224K, 99% used [0x00000000c0000000,0x00000000e6505618,0x00000000e6580000)
 Metaspace       used 54194K, committed 55488K, reserved 1114112K
  class space    used 5656K, committed 6208K, reserved 1048576K
}
Event: 98.377 GC heap after
{Heap after GC invocations=978 (full 2):
 PSYoungGen      total 4096K, used 872K [0x00000000eab00000, 0x00000000eb000000, 0x0000000100000000)
  eden space 3072K, 0% used [0x00000000eab00000,0x00000000eab00000,0x00000000eae00000)
  from space 1024K, 85% used [0x00000000eaf00000,0x00000000eafda110,0x00000000eb000000)
  to   space 1024K, 0% used [0x00000000eae00000,0x00000000eae00000,0x00000000eaf00000)
 ParOldGen       total 628224K, used 627813K [0x00000000c0000000, 0x00000000e6580000, 0x00000000eab00000)
  object space 628224K, 99% used [0x00000000c0000000,0x00000000e6519618,0x00000000e6580000)
 Metaspace       used 54194K, committed 55488K, reserved 1114112K
  class space    used 5656K, committed 6208K, reserved 1048576K
}
Event: 98.426 GC heap before
{Heap before GC invocations=979 (full 2):
 PSYoungGen      total 4096K, used 3944K [0x00000000eab00000, 0x00000000eb000000, 0x0000000100000000)
  eden space 3072K, 100% used [0x00000000eab00000,0x00000000eae00000,0x00000000eae00000)
  from space 1024K, 85% used [0x00000000eaf00000,0x00000000eafda110,0x00000000eb000000)
  to   space 1024K, 0% used [0x00000000eae00000,0x00000000eae00000,0x00000000eaf00000)
 ParOldGen       total 628224K, used 627813K [0x00000000c0000000, 0x00000000e6580000, 0x00000000eab00000)
  object space 628224K, 99% used [0x00000000c0000000,0x00000000e6519618,0x00000000e6580000)
 Metaspace       used 54196K, committed 55488K, reserved 1114112K
  class space    used 5656K, committed 6208K, reserved 1048576K
}
Event: 98.434 GC heap after
{Heap after GC invocations=979 (full 2):
 PSYoungGen      total 4096K, used 1015K [0x00000000eab00000, 0x00000000eb100000, 0x0000000100000000)
  eden space 3072K, 0% used [0x00000000eab00000,0x00000000eab00000,0x00000000eae00000)
  from space 1024K, 99% used [0x00000000eae00000,0x00000000eaefdd50,0x00000000eaf00000)
  to   space 1536K, 0% used [0x00000000eaf80000,0x00000000eaf80000,0x00000000eb100000)
 ParOldGen       total 628224K, used 627861K [0x00000000c0000000, 0x00000000e6580000, 0x00000000eab00000)
  object space 628224K, 99% used [0x00000000c0000000,0x00000000e6525618,0x00000000e6580000)
 Metaspace       used 54196K, committed 55488K, reserved 1114112K
  class space    used 5656K, committed 6208K, reserved 1048576K
}
Event: 98.454 GC heap before
{Heap before GC invocations=980 (full 2):
 PSYoungGen      total 4096K, used 4087K [0x00000000eab00000, 0x00000000eb100000, 0x0000000100000000)
  eden space 3072K, 100% used [0x00000000eab00000,0x00000000eae00000,0x00000000eae00000)
  from space 1024K, 99% used [0x00000000eae00000,0x00000000eaefdd50,0x00000000eaf00000)
  to   space 1536K, 0% used [0x00000000eaf80000,0x00000000eaf80000,0x00000000eb100000)
 ParOldGen       total 628224K, used 627861K [0x00000000c0000000, 0x00000000e6580000, 0x00000000eab00000)
  object space 628224K, 99% used [0x00000000c0000000,0x00000000e6525618,0x00000000e6580000)
 Metaspace       used 54357K, committed 55616K, reserved 1114112K
  class space    used 5658K, committed 6208K, reserved 1048576K
}
Event: 98.459 GC heap after
{Heap after GC invocations=980 (full 2):
 PSYoungGen      total 3584K, used 320K [0x00000000eab00000, 0x00000000eb000000, 0x0000000100000000)
  eden space 3072K, 0% used [0x00000000eab00000,0x00000000eab00000,0x00000000eae00000)
  from space 512K, 62% used [0x00000000eaf80000,0x00000000eafd0000,0x00000000eb000000)
  to   space 1024K, 0% used [0x00000000eae00000,0x00000000eae00000,0x00000000eaf00000)
 ParOldGen       total 628224K, used 627989K [0x00000000c0000000, 0x00000000e6580000, 0x00000000eab00000)
  object space 628224K, 99% used [0x00000000c0000000,0x00000000e6545618,0x00000000e6580000)
 Metaspace       used 54357K, committed 55616K, reserved 1114112K
  class space    used 5658K, committed 6208K, reserved 1048576K
}
Event: 98.487 GC heap before
{Heap before GC invocations=981 (full 2):
 PSYoungGen      total 3584K, used 3392K [0x00000000eab00000, 0x00000000eb000000, 0x0000000100000000)
  eden space 3072K, 100% used [0x00000000eab00000,0x00000000eae00000,0x00000000eae00000)
  from space 512K, 62% used [0x00000000eaf80000,0x00000000eafd0000,0x00000000eb000000)
  to   space 1024K, 0% used [0x00000000eae00000,0x00000000eae00000,0x00000000eaf00000)
 ParOldGen       total 628224K, used 627989K [0x00000000c0000000, 0x00000000e6580000, 0x00000000eab00000)
  object space 628224K, 99% used [0x00000000c0000000,0x00000000e6545618,0x00000000e6580000)
 Metaspace       used 54457K, committed 55680K, reserved 1114112K
  class space    used 5672K, committed 6208K, reserved 1048576K
}
Event: 98.493 GC heap after
{Heap after GC invocations=981 (full 2):
 PSYoungGen      total 4096K, used 416K [0x00000000eab00000, 0x00000000eb000000, 0x0000000100000000)
  eden space 3072K, 0% used [0x00000000eab00000,0x00000000eab00000,0x00000000eae00000)
  from space 1024K, 40% used [0x00000000eae00000,0x00000000eae68000,0x00000000eaf00000)
  to   space 512K, 0% used [0x00000000eaf80000,0x00000000eaf80000,0x00000000eb000000)
 ParOldGen       total 628224K, used 628181K [0x00000000c0000000, 0x00000000e6580000, 0x00000000eab00000)
  object space 628224K, 99% used [0x00000000c0000000,0x00000000e6575618,0x00000000e6580000)
 Metaspace       used 54457K, committed 55680K, reserved 1114112K
  class space    used 5672K, committed 6208K, reserved 1048576K
}
Event: 98.537 GC heap before
{Heap before GC invocations=982 (full 2):
 PSYoungGen      total 4096K, used 3488K [0x00000000eab00000, 0x00000000eb000000, 0x0000000100000000)
  eden space 3072K, 100% used [0x00000000eab00000,0x00000000eae00000,0x00000000eae00000)
  from space 1024K, 40% used [0x00000000eae00000,0x00000000eae68000,0x00000000eaf00000)
  to   space 512K, 0% used [0x00000000eaf80000,0x00000000eaf80000,0x00000000eb000000)
 ParOldGen       total 628224K, used 628181K [0x00000000c0000000, 0x00000000e6580000, 0x00000000eab00000)
  object space 628224K, 99% used [0x00000000c0000000,0x00000000e6575618,0x00000000e6580000)
 Metaspace       used 54602K, committed 55872K, reserved 1114112K
  class space    used 5691K, committed 6272K, reserved 1048576K
}
Event: 98.542 GC heap after
{Heap after GC invocations=982 (full 2):
 PSYoungGen      total 3584K, used 416K [0x00000000eab00000, 0x00000000eb000000, 0x0000000100000000)
  eden space 3072K, 0% used [0x00000000eab00000,0x00000000eab00000,0x00000000eae00000)
  from space 512K, 81% used [0x00000000eaf80000,0x00000000eafe8000,0x00000000eb000000)
  to   space 512K, 0% used [0x00000000eaf00000,0x00000000eaf00000,0x00000000eaf80000)
 ParOldGen       total 628736K, used 628461K [0x00000000c0000000, 0x00000000e6600000, 0x00000000eab00000)
  object space 628736K, 99% used [0x00000000c0000000,0x00000000e65bb618,0x00000000e6600000)
 Metaspace       used 54602K, committed 55872K, reserved 1114112K
  class space    used 5691K, committed 6272K, reserved 1048576K
}
Event: 98.598 GC heap before
{Heap before GC invocations=983 (full 2):
 PSYoungGen      total 3584K, used 3488K [0x00000000eab00000, 0x00000000eb000000, 0x0000000100000000)
  eden space 3072K, 100% used [0x00000000eab00000,0x00000000eae00000,0x00000000eae00000)
  from space 512K, 81% used [0x00000000eaf80000,0x00000000eafe8000,0x00000000eb000000)
  to   space 512K, 0% used [0x00000000eaf00000,0x00000000eaf00000,0x00000000eaf80000)
 ParOldGen       total 628736K, used 628461K [0x00000000c0000000, 0x00000000e6600000, 0x00000000eab00000)
  object space 628736K, 99% used [0x00000000c0000000,0x00000000e65bb618,0x00000000e6600000)
 Metaspace       used 54820K, committed 56064K, reserved 1114112K
  class space    used 5715K, committed 6272K, reserved 1048576K
}
Event: 98.604 GC heap after
{Heap after GC invocations=983 (full 2):
 PSYoungGen      total 3584K, used 436K [0x00000000eab00000, 0x00000000eb000000, 0x0000000100000000)
  eden space 3072K, 0% used [0x00000000eab00000,0x00000000eab00000,0x00000000eae00000)
  from space 512K, 85% used [0x00000000eaf00000,0x00000000eaf6d000,0x00000000eaf80000)
  to   space 512K, 0% used [0x00000000eaf80000,0x00000000eaf80000,0x00000000eb000000)
 ParOldGen       total 628736K, used 628733K [0x00000000c0000000, 0x00000000e6600000, 0x00000000eab00000)
  object space 628736K, 99% used [0x00000000c0000000,0x00000000e65ff618,0x00000000e6600000)
 Metaspace       used 54820K, committed 56064K, reserved 1114112K
  class space    used 5715K, committed 6272K, reserved 1048576K
}
Event: 98.753 GC heap before
{Heap before GC invocations=984 (full 2):
 PSYoungGen      total 3584K, used 3508K [0x00000000eab00000, 0x00000000eb000000, 0x0000000100000000)
  eden space 3072K, 100% used [0x00000000eab00000,0x00000000eae00000,0x00000000eae00000)
  from space 512K, 85% used [0x00000000eaf00000,0x00000000eaf6d000,0x00000000eaf80000)
  to   space 512K, 0% used [0x00000000eaf80000,0x00000000eaf80000,0x00000000eb000000)
 ParOldGen       total 628736K, used 628733K [0x00000000c0000000, 0x00000000e6600000, 0x00000000eab00000)
  object space 628736K, 99% used [0x00000000c0000000,0x00000000e65ff618,0x00000000e6600000)
 Metaspace       used 55129K, committed 56448K, reserved 1114112K
  class space    used 5749K, committed 6336K, reserved 1048576K
}
Event: 98.757 GC heap after
{Heap after GC invocations=984 (full 2):
 PSYoungGen      total 3584K, used 320K [0x00000000eab00000, 0x00000000eb000000, 0x0000000100000000)
  eden space 3072K, 0% used [0x00000000eab00000,0x00000000eab00000,0x00000000eae00000)
  from space 512K, 62% used [0x00000000eaf80000,0x00000000eafd0000,0x00000000eb000000)
  to   space 512K, 0% used [0x00000000eaf00000,0x00000000eaf00000,0x00000000eaf80000)
 ParOldGen       total 629248K, used 628957K [0x00000000c0000000, 0x00000000e6680000, 0x00000000eab00000)
  object space 629248K, 99% used [0x00000000c0000000,0x00000000e6637618,0x00000000e6680000)
 Metaspace       used 55129K, committed 56448K, reserved 1114112K
  class space    used 5749K, committed 6336K, reserved 1048576K
}
Event: 98.858 GC heap before
{Heap before GC invocations=985 (full 2):
 PSYoungGen      total 3584K, used 3379K [0x00000000eab00000, 0x00000000eb000000, 0x0000000100000000)
  eden space 3072K, 99% used [0x00000000eab00000,0x00000000eadfcd50,0x00000000eae00000)
  from space 512K, 62% used [0x00000000eaf80000,0x00000000eafd0000,0x00000000eb000000)
  to   space 512K, 0% used [0x00000000eaf00000,0x00000000eaf00000,0x00000000eaf80000)
 ParOldGen       total 629248K, used 628957K [0x00000000c0000000, 0x00000000e6680000, 0x00000000eab00000)
  object space 629248K, 99% used [0x00000000c0000000,0x00000000e6637618,0x00000000e6680000)
 Metaspace       used 55294K, committed 56576K, reserved 1114112K
  class space    used 5755K, committed 6336K, reserved 1048576K
}
Event: 98.865 GC heap after
{Heap after GC invocations=985 (full 2):
 PSYoungGen      total 3584K, used 448K [0x00000000eab00000, 0x00000000eb000000, 0x0000000100000000)
  eden space 3072K, 0% used [0x00000000eab00000,0x00000000eab00000,0x00000000eae00000)
  from space 512K, 87% used [0x00000000eaf00000,0x00000000eaf70000,0x00000000eaf80000)
  to   space 512K, 0% used [0x00000000eaf80000,0x00000000eaf80000,0x00000000eb000000)
 ParOldGen       total 629248K, used 629173K [0x00000000c0000000, 0x00000000e6680000, 0x00000000eab00000)
  object space 629248K, 99% used [0x00000000c0000000,0x00000000e666d618,0x00000000e6680000)
 Metaspace       used 55294K, committed 56576K, reserved 1114112K
  class space    used 5755K, committed 6336K, reserved 1048576K
}
Event: 98.993 GC heap before
{Heap before GC invocations=986 (full 2):
 PSYoungGen      total 3584K, used 3515K [0x00000000eab00000, 0x00000000eb000000, 0x0000000100000000)
  eden space 3072K, 99% used [0x00000000eab00000,0x00000000eadfed98,0x00000000eae00000)
  from space 512K, 87% used [0x00000000eaf00000,0x00000000eaf70000,0x00000000eaf80000)
  to   space 512K, 0% used [0x00000000eaf80000,0x00000000eaf80000,0x00000000eb000000)
 ParOldGen       total 629248K, used 629189K [0x00000000c0000000, 0x00000000e6680000, 0x00000000eab00000)
  object space 629248K, 99% used [0x00000000c0000000,0x00000000e6671628,0x00000000e6680000)
 Metaspace       used 55411K, committed 56704K, reserved 1114112K
  class space    used 5761K, committed 6336K, reserved 1048576K
}
Event: 99.000 GC heap after
{Heap after GC invocations=986 (full 2):
 PSYoungGen      total 3584K, used 506K [0x00000000eab00000, 0x00000000eb000000, 0x0000000100000000)
  eden space 3072K, 0% used [0x00000000eab00000,0x00000000eab00000,0x00000000eae00000)
  from space 512K, 98% used [0x00000000eaf80000,0x00000000eaffe800,0x00000000eb000000)
  to   space 1024K, 0% used [0x00000000eae00000,0x00000000eae00000,0x00000000eaf00000)
 ParOldGen       total 629760K, used 629573K [0x00000000c0000000, 0x00000000e6700000, 0x00000000eab00000)
  object space 629760K, 99% used [0x00000000c0000000,0x00000000e66d1500,0x00000000e6700000)
 Metaspace       used 55411K, committed 56704K, reserved 1114112K
  class space    used 5761K, committed 6336K, reserved 1048576K
}

