# JRE version: Java(TM) SE Runtime Environment (21.0.2+13) (build 21.0.2+13-LTS-58)
# Java VM: Java HotSpot(TM) 64-Bit Server VM (21.0.2+13-LTS-58, mixed mode, sharing, tiered, compressed oops, compressed class ptrs, g1 gc, windows-amd64)
GC Precious Log:
 CardTable entry size: 512
 Card Set container configuration: InlinePtr #cards 5 size 8 Array Of Cards #cards 12 size 40 Howl #buckets 4 coarsen threshold 1843 Howl Bitmap #cards 512 size 80 coarsen threshold 460 Card regions per heap region 1 cards per card region 2048
 CPUs: 8 total, 8 available
 Memory: 8108M
 Large Page Support: Disabled
 NUMA Support: Disabled
 Compressed Oops: Enabled (32-bit)
 Heap Region Size: 1M
 Heap Min Capacity: 8M
 Heap Initial Capacity: 128M
 Heap Max Capacity: 2028M
 Pre-touch: Disabled
 Parallel Workers: 8
 Concurrent Workers: 2
 Concurrent Refinement Workers: 8
 Periodic GC: Disabled
Heap:
 garbage-first heap   total 86016K, used 63613K [0x0000000081400000, 0x0000000100000000)
  region size 1024K, 26 young (26624K), 5 survivors (5120K)
 Metaspace       used 65971K, committed 66816K, reserved 1114112K
  class space    used 8350K, committed 8768K, reserved 1048576K
GC Heap History (20 events):
Event: 17.132 GC heap before
{Heap before GC invocations=7 (full 0):
 garbage-first heap   total 71680K, used 58368K [0x0000000081400000, 0x0000000100000000)
  region size 1024K, 37 young (37888K), 3 survivors (3072K)
 Metaspace       used 31410K, committed 31872K, reserved 1114112K
  class space    used 3920K, committed 4096K, reserved 1048576K
}
Event: 17.158 GC heap after
{Heap after GC invocations=8 (full 0):
 garbage-first heap   total 71680K, used 25573K [0x0000000081400000, 0x0000000100000000)
  region size 1024K, 3 young (3072K), 3 survivors (3072K)
 Metaspace       used 31410K, committed 31872K, reserved 1114112K
  class space    used 3920K, committed 4096K, reserved 1048576K
}
Event: 19.701 GC heap before
{Heap before GC invocations=8 (full 0):
 garbage-first heap   total 71680K, used 57317K [0x0000000081400000, 0x0000000100000000)
  region size 1024K, 35 young (35840K), 3 survivors (3072K)
 Metaspace       used 35599K, committed 36160K, reserved 1114112K
  class space    used 4472K, committed 4736K, reserved 1048576K
}
Event: 19.723 GC heap after
{Heap after GC invocations=9 (full 0):
 garbage-first heap   total 86016K, used 27326K [0x0000000081400000, 0x0000000100000000)
  region size 1024K, 4 young (4096K), 4 survivors (4096K)
 Metaspace       used 35599K, committed 36160K, reserved 1114112K
  class space    used 4472K, committed 4736K, reserved 1048576K
}
Event: 23.425 GC heap before
{Heap before GC invocations=10 (full 0):
 garbage-first heap   total 86016K, used 71358K [0x0000000081400000, 0x0000000100000000)
  region size 1024K, 48 young (49152K), 4 survivors (4096K)
 Metaspace       used 40755K, committed 41344K, reserved 1114112K
  class space    used 5119K, committed 5376K, reserved 1048576K
}
Event: 23.462 GC heap after
{Heap after GC invocations=11 (full 0):
 garbage-first heap   total 86016K, used 30060K [0x0000000081400000, 0x0000000100000000)
  region size 1024K, 5 young (5120K), 5 survivors (5120K)
 Metaspace       used 40755K, committed 41344K, reserved 1114112K
  class space    used 5119K, committed 5376K, reserved 1048576K
}
Event: 27.152 GC heap before
{Heap before GC invocations=11 (full 0):
 garbage-first heap   total 86016K, used 73068K [0x0000000081400000, 0x0000000100000000)
  region size 1024K, 48 young (49152K), 5 survivors (5120K)
 Metaspace       used 50196K, committed 50752K, reserved 1114112K
  class space    used 6211K, committed 6464K, reserved 1048576K
}
Event: 27.195 GC heap after
{Heap after GC invocations=12 (full 0):
 garbage-first heap   total 86016K, used 32768K [0x0000000081400000, 0x0000000100000000)
  region size 1024K, 6 young (6144K), 6 survivors (6144K)
 Metaspace       used 50196K, committed 50752K, reserved 1114112K
  class space    used 6211K, committed 6464K, reserved 1048576K
}
Event: 30.248 GC heap before
{Heap before GC invocations=12 (full 0):
 garbage-first heap   total 86016K, used 74752K [0x0000000081400000, 0x0000000100000000)
  region size 1024K, 47 young (48128K), 6 survivors (6144K)
 Metaspace       used 55001K, committed 55680K, reserved 1114112K
  class space    used 6808K, committed 7104K, reserved 1048576K
}
Event: 30.264 GC heap after
{Heap after GC invocations=13 (full 0):
 garbage-first heap   total 86016K, used 34716K [0x0000000081400000, 0x0000000100000000)
  region size 1024K, 3 young (3072K), 3 survivors (3072K)
 Metaspace       used 55001K, committed 55680K, reserved 1114112K
  class space    used 6808K, committed 7104K, reserved 1048576K
}
Event: 31.997 GC heap before
{Heap before GC invocations=13 (full 0):
 garbage-first heap   total 86016K, used 75676K [0x0000000081400000, 0x0000000100000000)
  region size 1024K, 43 young (44032K), 3 survivors (3072K)
 Metaspace       used 57371K, committed 58112K, reserved 1114112K
  class space    used 7163K, committed 7488K, reserved 1048576K
}
Event: 32.008 GC heap after
{Heap after GC invocations=14 (full 0):
 garbage-first heap   total 86016K, used 36632K [0x0000000081400000, 0x0000000100000000)
  region size 1024K, 5 young (5120K), 5 survivors (5120K)
 Metaspace       used 57371K, committed 58112K, reserved 1114112K
  class space    used 7163K, committed 7488K, reserved 1048576K
}
Event: 34.043 GC heap before
{Heap before GC invocations=14 (full 0):
 garbage-first heap   total 86016K, used 75544K [0x0000000081400000, 0x0000000100000000)
  region size 1024K, 43 young (44032K), 5 survivors (5120K)
 Metaspace       used 58851K, committed 59584K, reserved 1114112K
  class space    used 7341K, committed 7680K, reserved 1048576K
}
Event: 34.055 GC heap after
{Heap after GC invocations=15 (full 0):
 garbage-first heap   total 86016K, used 38273K [0x0000000081400000, 0x0000000100000000)
  region size 1024K, 4 young (4096K), 4 survivors (4096K)
 Metaspace       used 58851K, committed 59584K, reserved 1114112K
  class space    used 7341K, committed 7680K, reserved 1048576K
}
Event: 35.443 GC heap before
{Heap before GC invocations=15 (full 0):
 garbage-first heap   total 86016K, used 60801K [0x0000000081400000, 0x0000000100000000)
  region size 1024K, 27 young (27648K), 4 survivors (4096K)
 Metaspace       used 59828K, committed 60608K, reserved 1114112K
  class space    used 7497K, committed 7872K, reserved 1048576K
}
Event: 35.452 GC heap after
{Heap after GC invocations=16 (full 0):
 garbage-first heap   total 86016K, used 39536K [0x0000000081400000, 0x0000000100000000)
  region size 1024K, 4 young (4096K), 4 survivors (4096K)
 Metaspace       used 59828K, committed 60608K, reserved 1114112K
  class space    used 7497K, committed 7872K, reserved 1048576K
}
Event: 37.152 GC heap before
{Heap before GC invocations=17 (full 0):
 garbage-first heap   total 86016K, used 75376K [0x0000000081400000, 0x0000000100000000)
  region size 1024K, 39 young (39936K), 4 survivors (4096K)
 Metaspace       used 60981K, committed 61824K, reserved 1114112K
  class space    used 7693K, committed 8064K, reserved 1048576K
}
Event: 37.162 GC heap after
{Heap after GC invocations=18 (full 0):
 garbage-first heap   total 86016K, used 41177K [0x0000000081400000, 0x0000000100000000)
  region size 1024K, 4 young (4096K), 4 survivors (4096K)
 Metaspace       used 60981K, committed 61824K, reserved 1114112K
  class space    used 7693K, committed 8064K, reserved 1048576K
}
Event: 39.065 GC heap before
{Heap before GC invocations=18 (full 0):
 garbage-first heap   total 86016K, used 74969K [0x0000000081400000, 0x0000000100000000)
  region size 1024K, 37 young (37888K), 4 survivors (4096K)
 Metaspace       used 62938K, committed 63744K, reserved 1114112K
  class space    used 7950K, committed 8320K, reserved 1048576K
}
Event: 39.077 GC heap after
{Heap after GC invocations=19 (full 0):
 garbage-first heap   total 86016K, used 43133K [0x0000000081400000, 0x0000000100000000)
  region size 1024K, 5 young (5120K), 5 survivors (5120K)
 Metaspace       used 62938K, committed 63744K, reserved 1114112K
  class space    used 7950K, committed 8320K, reserved 1048576K
}

